{
  "package_name": "nanocompore",
  "package_version": "1.0.0b6",
  "function": "SimReads",
  "timestamp": "2019-03-28 11:48:10.176920",
  "log_level": "info",
  "not_bound": false,
  "pos_rand_seed": 2,
  "min_mod_dist": 6,
  "mod_extend_context": 2,
  "mod_bases_type": "A",
  "mod_bases_freq": 0.25,
  "mod_reads_freq": 0.9,
  "dwell_mod_scale": 0,
  "dwell_mod_loc": 0.01,
  "intensity_mod_scale": 0,
  "intensity_mod_loc": 10,
  "plot": false,
  "nreads_per_ref": 45,
  "ref_list": null,
  "run_type": "RNA",
  "prefix": "modified_rep_2",
  "outpath": "./sample_files/",
  "fasta_fn": "./reference/ref.fa"
}