{
  "package_name": "nanocompore",
  "package_version": "1.0.0rc3-dev",
  "timestamp": "2019-06-19 13:09:00.992319",
  "log_level": "info",
  "not_bound": false,
  "data_rand_seed": null,
  "pos_rand_seed": 42,
  "min_mod_dist": 6,
  "mod_extend_context": 2,
  "mod_bases_type": "A",
  "mod_bases_freq": 0.25,
  "mod_reads_freq": 0,
  "dwell_mod": 0,
  "intensity_mod": 0,
  "plot": false,
  "nreads_per_ref": 60,
  "ref_list": [],
  "run_type": "RNA",
  "overwrite": true,
  "outprefix": "unmodified_rep_2",
  "outpath": "./eventalign_files/simulated/",
  "fasta_fn": "./references/simulated/ref.fa"
}